<?xml version="1.0" encoding="UTF-8"?>
<Site BuildName="(empty)"
	BuildStamp="20240819-1530-Experimental"
	Name="medusal-XPS-8960"
	Generator="ctest-3.30.0-rc4"
	CompilerName="/usr/bin/c++"
	CompilerVersion="9.4.0"
	OSName="Linux"
	Hostname="medusal-XPS-8960"
	OSRelease="5.15.0-117-generic"
	OSVersion="#127~20.04.1-Ubuntu SMP Thu Jul 11 15:36:12 UTC 2024"
	OSPlatform="x86_64"
	Is64Bits="1"
	VendorString="GenuineIntel"
	VendorID="Intel Corporation"
	FamilyID="6"
	ModelID="183"
	ProcessorCacheSize="36864"
	NumberOfLogicalCPU="32"
	NumberOfPhysicalCPU="24"
	TotalVirtualMemory="2047"
	TotalPhysicalMemory="63946"
	LogicalProcessorsPerPhysical="1"
	ProcessorClockFrequency="5171.74"
	>
	<Testing>
		<StartDateTime>Aug 19 11:30 EDT</StartDateTime>
		<StartTestTime>1724081409</StartTestTime>
		<TestList/>
		<EndDateTime>Aug 19 11:30 EDT</EndDateTime>
		<EndTestTime>1724081409</EndTestTime>
		<ElapsedMinutes>0</ElapsedMinutes>
	</Testing>
</Site>
